[debug] [2026-01-15T16:22:50.684Z] ----------------------------------------------------------------------
[debug] [2026-01-15T16:22:50.686Z] Command:       /usr/local/bin/node /usr/local/bin/firebase projects:list
[debug] [2026-01-15T16:22:50.686Z] CLI Version:   15.2.1
[debug] [2026-01-15T16:22:50.686Z] Platform:      darwin
[debug] [2026-01-15T16:22:50.686Z] Node Version:  v24.12.0
[debug] [2026-01-15T16:22:50.686Z] Time:          Thu Jan 15 2026 16:22:50 GMT+0000 (Greenwich Mean Time)
[debug] [2026-01-15T16:22:50.686Z] ----------------------------------------------------------------------
[debug] 
[debug] [2026-01-15T16:22:50.761Z] > command requires scopes: ["email","openid","https://www.googleapis.com/auth/cloudplatformprojects.readonly","https://www.googleapis.com/auth/firebase","https://www.googleapis.com/auth/cloud-platform"]
[debug] [2026-01-15T16:22:50.761Z] > authorizing via signed-in user (sigrun@sigrun.com)
[debug] [2026-01-15T16:22:50.762Z] Checked if tokens are valid: false, expires at: 1768417993644
[debug] [2026-01-15T16:22:50.763Z] Checked if tokens are valid: false, expires at: 1768417993644
[debug] [2026-01-15T16:22:50.763Z] > refreshing access token with scopes: []
[debug] [2026-01-15T16:22:50.764Z] >>> [apiv2][query] POST https://www.googleapis.com/oauth2/v3/token [none]
[debug] [2026-01-15T16:22:50.764Z] >>> [apiv2][body] POST https://www.googleapis.com/oauth2/v3/token [omitted]
[debug] [2026-01-15T16:22:50.944Z] <<< [apiv2][status] POST https://www.googleapis.com/oauth2/v3/token 400
[debug] [2026-01-15T16:22:50.944Z] <<< [apiv2][body] POST https://www.googleapis.com/oauth2/v3/token [omitted]
[error] Authentication Error: Your credentials are no longer valid. Please run firebase login --reauth

For CI servers and headless environments, generate a new token with firebase login:ci
[error] Authentication Error: Your credentials are no longer valid. Please run firebase login --reauth

For CI servers and headless environments, generate a new token with firebase login:ci
[debug] [2026-01-15T16:22:50.944Z] Authentication Error: Your credentials are no longer valid. Please run firebase login --reauth

For CI servers and headless environments, generate a new token with firebase login:ci
[debug] [2026-01-15T16:22:51.098Z] FirebaseError: Authentication Error: Your credentials are no longer valid. Please run firebase login --reauth

For CI servers and headless environments, generate a new token with firebase login:ci
    at invalidCredentialError (/usr/local/lib/node_modules/firebase-tools/lib/auth.js:177:12)
    at refreshTokens (/usr/local/lib/node_modules/firebase-tools/lib/auth.js:590:15)
    at process.processTicksAndRejections (node:internal/process/task_queues:103:5)
    at async getAccessToken (/usr/local/lib/node_modules/firebase-tools/lib/apiv2.js:43:18)
    at async Client.addAuthHeader (/usr/local/lib/node_modules/firebase-tools/lib/apiv2.js:169:21)
    at async Client.request (/usr/local/lib/node_modules/firebase-tools/lib/apiv2.js:120:34)
    at async getProjectPage (/usr/local/lib/node_modules/firebase-tools/lib/management/projects.js:287:17)
    at async getFirebaseProjectPage (/usr/local/lib/node_modules/firebase-tools/lib/management/projects.js:304:23)
    at async listFirebaseProjects (/usr/local/lib/node_modules/firebase-tools/lib/management/projects.js:333:29)
    at async Command.actionFn (/usr/local/lib/node_modules/firebase-tools/lib/commands/projects-list.js:51:20)
[error] 
[error] Error: Failed to list Firebase projects. See firebase-debug.log for more info.
